<?xml version="1.0" encoding="UTF-8"?>
<!-- Generated by org.testng.reporters.JUnitXMLReporter -->
<testsuite ignored="3" hostname="AmruthaPC" failures="0" tests="1" name="Default test" time="0.041" errors="0" timestamp="2022-11-17T13:07:44 IST">
  <testcase classname="script.Test1" name="script22" time="0.008"/>
  <testcase classname="script.Test1" name="script1" time="0.0">
    <ignored/>
  </testcase> <!-- script1 -->
  <testcase classname="script.Test1" name="script2" time="0.0">
    <ignored/>
  </testcase> <!-- script2 -->
  <testcase classname="script.Test1" name="script11" time="0.0">
    <ignored/>
  </testcase> <!-- script11 -->
</testsuite> <!-- Default test -->
