<?xml version="1.0" encoding="UTF-8"?>
<testng-results ignored="3" total="4" passed="1" failed="0" skipped="0">
  <reporter-output>
  </reporter-output>
  <suite started-at="2022-11-17T13:07:44 IST" name="Default suite" finished-at="2022-11-17T13:07:44 IST" duration-ms="41">
    <groups>
    </groups>
    <test started-at="2022-11-17T13:07:44 IST" name="Default test" finished-at="2022-11-17T13:07:44 IST" duration-ms="41">
      <class name="script.Test1">
        <test-method signature="script22()[pri:0, instance:script.Test1@7e5afaa6]" started-at="2022-11-17T13:07:44 IST" name="script22" finished-at="2022-11-17T13:07:44 IST" duration-ms="8" status="PASS">
          <reporter-output>
          </reporter-output>
        </test-method> <!-- script22 -->
      </class> <!-- script.Test1 -->
    </test> <!-- Default test -->
  </suite> <!-- Default suite -->
</testng-results>
